Log file open, 10/28/19 10:41:51
LogWindows: Failed to load 'aqProf.dll' (GetLastError=126)
LogWindows: File 'aqProf.dll' does not exist
LogWindows: Failed to load 'VtuneApi.dll' (GetLastError=126)
LogWindows: File 'VtuneApi.dll' does not exist
LogWindows: Failed to load 'VtuneApi32e.dll' (GetLastError=126)
LogWindows: File 'VtuneApi32e.dll' does not exist
LogConsoleResponse: Display: Failed to find resolution value strings in scalability ini. Falling back to default.
LogInit: Display: Running engine for game: VirtusSideScroller
LogPlatformFile: Not using cached read wrapper
LogTaskGraph: Started task graph with 5 named threads and 11 total threads with 3 sets of task threads.
LogStats: Stats thread started at 0.156022
LogD3D11RHI: Loaded GFSDK_Aftermath_Lib.x64.dll
LogICUInternationalization: ICU TimeZone Detection - Raw Offset: -3:00, Platform Override: ''
LogPluginManager: Mounting plugin Paper2D
LogPluginManager: Mounting plugin AISupport
LogPluginManager: Mounting plugin LightPropagationVolume
LogPluginManager: Mounting plugin ActorLayerUtilities
LogPluginManager: Mounting plugin AnimationSharing
LogPluginManager: Mounting plugin CLionSourceCodeAccess
LogPluginManager: Mounting plugin CodeLiteSourceCodeAccess
LogPluginManager: Mounting plugin GitSourceControl
LogPluginManager: Mounting plugin KDevelopSourceCodeAccess
LogPluginManager: Mounting plugin NullSourceCodeAccess
LogPluginManager: Mounting plugin PerforceSourceControl
LogPluginManager: Mounting plugin SubversionSourceControl
LogPluginManager: Mounting plugin UObjectPlugin
LogPluginManager: Mounting plugin VisualStudioCodeSourceCodeAccess
LogPluginManager: Mounting plugin VisualStudioSourceCodeAccess
LogPluginManager: Mounting plugin XCodeSourceCodeAccess
LogPluginManager: Mounting plugin AssetManagerEditor
LogPluginManager: Mounting plugin CryptoKeys
LogPluginManager: Mounting plugin CurveEditorTools
LogPluginManager: Mounting plugin DataValidation
LogPluginManager: Mounting plugin FacialAnimation
LogPluginManager: Mounting plugin GameplayTagsEditor
LogPluginManager: Mounting plugin MacGraphicsSwitching
LogPluginManager: Mounting plugin MaterialAnalyzer
LogPluginManager: Mounting plugin MobileLauncherProfileWizard
LogPluginManager: Mounting plugin PluginBrowser
LogPluginManager: Mounting plugin SpeedTreeImporter
LogPluginManager: Mounting plugin DatasmithContent
LogPluginManager: Mounting plugin VariantManagerContent
LogPluginManager: Mounting plugin AlembicImporter
LogPluginManager: Mounting plugin AutomationUtils
LogPluginManager: Mounting plugin BackChannel
LogPluginManager: Mounting plugin CharacterAI
LogPluginManager: Mounting plugin GeometryCache
LogPluginManager: Mounting plugin HTML5Networking
LogPluginManager: Mounting plugin PlatformCrypto
LogPluginManager: Mounting plugin ProxyLODPlugin
LogPluginManager: Mounting plugin SkeletalReduction
LogPluginManager: Mounting plugin MagicLeap
LogPluginManager: Mounting plugin MagicLeapMedia
LogPluginManager: Mounting plugin AndroidMedia
LogPluginManager: Mounting plugin AvfMedia
LogPluginManager: Mounting plugin ImgMedia
LogPluginManager: Mounting plugin MediaCompositing
LogPluginManager: Mounting plugin MediaPlayerEditor
LogPluginManager: Mounting plugin WebMMedia
LogPluginManager: Mounting plugin WmfMedia
LogPluginManager: Mounting plugin TcpMessaging
LogPluginManager: Mounting plugin UdpMessaging
LogPluginManager: Mounting plugin ActorSequence
LogPluginManager: Mounting plugin LevelSequenceEditor
LogPluginManager: Mounting plugin MatineeToLevelSequence
LogPluginManager: Mounting plugin NetcodeUnitTest
LogPluginManager: Mounting plugin NUTUnrealEngine4
LogPluginManager: Mounting plugin OnlineSubsystemGooglePlay
LogPluginManager: Mounting plugin OnlineSubsystemIOS
LogPluginManager: Mounting plugin OnlineSubsystem
LogPluginManager: Mounting plugin OnlineSubsystemNull
LogPluginManager: Mounting plugin OnlineSubsystemUtils
LogPluginManager: Mounting plugin LauncherChunkInstaller
LogPluginManager: Mounting plugin AndroidDeviceProfileSelector
LogPluginManager: Mounting plugin AndroidMoviePlayer
LogPluginManager: Mounting plugin AndroidPermission
LogPluginManager: Mounting plugin AppleImageUtils
LogPluginManager: Mounting plugin AppleMoviePlayer
LogPluginManager: Mounting plugin ArchVisCharacter
LogPluginManager: Mounting plugin AudioCapture
LogPluginManager: Mounting plugin CableComponent
LogPluginManager: Mounting plugin CustomMeshComponent
LogPluginManager: Mounting plugin EditableMesh
LogPluginManager: Mounting plugin ExampleDeviceProfileSelector
LogPluginManager: Mounting plugin GoogleCloudMessaging
LogPluginManager: Mounting plugin IOSDeviceProfileSelector
LogPluginManager: Mounting plugin LinuxDeviceProfileSelector
LogPluginManager: Mounting plugin LocationServicesBPLibrary
LogPluginManager: Mounting plugin MobilePatchingUtils
LogPluginManager: Mounting plugin OculusVR
LogPluginManager: Mounting plugin PhysXVehicles
LogPluginManager: Mounting plugin ProceduralMeshComponent
LogPluginManager: Mounting plugin RuntimePhysXCooking
LogPluginManager: Mounting plugin SignificanceManager
LogPluginManager: Mounting plugin SteamVR
LogPluginManager: Mounting plugin WebMMoviePlayer
LogPluginManager: Mounting plugin WindowsMoviePlayer
LogPluginManager: Mounting plugin ScreenshotTools
LogInit: Using libcurl 7.55.1-DEV
LogInit:  - built for x86_64-pc-win32
LogInit:  - supports SSL with OpenSSL/1.1.1
LogInit:  - supports HTTP deflate (compression) using libz 1.2.8
LogInit:  - other features:
LogInit:      CURL_VERSION_SSL
LogInit:      CURL_VERSION_LIBZ
LogInit:      CURL_VERSION_IPV6
LogInit:      CURL_VERSION_ASYNCHDNS
LogInit:      CURL_VERSION_LARGEFILE
LogInit:      CURL_VERSION_IDN
LogInit:  CurlRequestOptions (configurable via config and command line):
LogInit:  - bVerifyPeer = true  - Libcurl will verify peer certificate
LogInit:  - bUseHttpProxy = false  - Libcurl will NOT use HTTP proxy
LogInit:  - bDontReuseConnections = false  - Libcurl will reuse connections
LogInit:  - MaxHostConnections = 16  - Libcurl will limit the number of connections to a host
LogInit:  - LocalHostAddr = Default
LogInit:  - BufferSize = 65536
LogOnline: OSS: Creating online subsystem instance for: NULL
LogInit: WinSock: version 1.1 (2.2), MaxSocks=32767, MaxUdp=65467
LogInit: Build: ++UE4+Release-4.23-CL-8386587
LogInit: Engine Version: 4.23.0-8386587+++UE4+Release-4.23
LogInit: Compatible Engine Version: 4.23.0-8386587+++UE4+Release-4.23
LogInit: Net CL: 8386587
LogInit: OS: Windows 10 (Release 1803) (), CPU: Intel(R) Core(TM) i5-5200U CPU @ 2.20GHz, GPU: Intel(R) HD Graphics 5500
LogInit: Compiled (64-bit): Aug 31 2019 02:04:44
LogInit: Compiled with Visual C++: 19.16.27030.01
LogInit: Build Configuration: Development
LogInit: Branch Name: ++UE4+Release-4.23
LogInit: Command Line: 
LogInit: Base Directory: C:/Program Files/Epic Games/UE_4.23/Engine/Binaries/Win64/
LogInit: Installed Engine Build: 1
LogDevObjectVersion: Number of dev versions registered: 23
LogDevObjectVersion:   Dev-Blueprints (B0D832E4-1F89-4F0D-ACCF-7EB736FD4AA2): 10
LogDevObjectVersion:   Dev-Build (E1C64328-A22C-4D53-A36C-8E866417BD8C): 0
LogDevObjectVersion:   Dev-Core (375EC13C-06E4-48FB-B500-84F0262A717E): 3
LogDevObjectVersion:   Dev-Editor (E4B068ED-F494-42E9-A231-DA0B2E46BB41): 34
LogDevObjectVersion:   Dev-Framework (CFFC743F-43B0-4480-9391-14DF171D2073): 35
LogDevObjectVersion:   Dev-Mobile (B02B49B5-BB20-44E9-A304-32B752E40360): 2
LogDevObjectVersion:   Dev-Networking (A4E4105C-59A1-49B5-A7C5-40C4547EDFEE): 0
LogDevObjectVersion:   Dev-Online (39C831C9-5AE6-47DC-9A44-9C173E1C8E7C): 0
LogDevObjectVersion:   Dev-Physics (78F01B33-EBEA-4F98-B9B4-84EACCB95AA2): 0
LogDevObjectVersion:   Dev-Platform (6631380F-2D4D-43E0-8009-CF276956A95A): 0
LogDevObjectVersion:   Dev-Rendering (12F88B9F-8875-4AFC-A67C-D90C383ABD29): 31
LogDevObjectVersion:   Dev-Sequencer (7B5AE74C-D270-4C10-A958-57980B212A5A): 11
LogDevObjectVersion:   Dev-VR (D7296918-1DD6-4BDD-9DE2-64A83CC13884): 2
LogDevObjectVersion:   Dev-LoadTimes (C2A15278-BFE7-4AFE-6C17-90FF531DF755): 1
LogDevObjectVersion:   Private-Geometry (6EACA3D4-40EC-4CC1-B786-8BED09428FC5): 3
LogDevObjectVersion:   Dev-AnimPhys (29E575DD-E0A3-4627-9D10-D276232CDCEA): 17
LogDevObjectVersion:   Dev-Anim (AF43A65D-7FD3-4947-9873-3E8ED9C1BB05): 2
LogDevObjectVersion:   Dev-ReflectionCapture (6B266CEC-1EC7-4B8F-A30B-E4D90942FC07): 1
LogDevObjectVersion:   Dev-Automation (0DF73D61-A23F-47EA-B727-89E90C41499A): 1
LogDevObjectVersion:   FortniteMain (601D1886-AC64-4F84-AA16-D3DE0DEAC7D6): 27
LogDevObjectVersion:   Dev-Enterprise (9DFFBCD6-494F-0158-E221-12823C92A888): 6
LogDevObjectVersion:   Dev-Niagara (F2AED0AC-9AFE-416F-8664-AA7FFA26D6FC): 1
LogDevObjectVersion:   Dev-Destruction (174F1F0B-B4C6-45A5-B13F-2EE8D0FB917D): 9
LogInit: Presizing for max 16777216 objects, including 0 objects not considered by GC, pre-allocating 0 bytes for permanent pool.
LogInit: Object subsystem initialized
LogConfig: Setting CVar [[con.DebugEarlyDefault:1]]
LogConfig: Setting CVar [[r.setres:1280x720]]
[2019.10.28-13.41.52:293][  0]LogConfig: Setting CVar [[r.VSync:0]]
[2019.10.28-13.41.52:293][  0]LogConfig: Setting CVar [[r.RHICmdBypass:0]]
[2019.10.28-13.41.52:293][  0]LogConfig: Applying CVar settings from Section [/Script/Engine.RendererSettings] File [C:/Users/ebricchesi/Documents/Unreal Projects/MySideScroller/VirtusSideScroller/Saved/Config/Windows/Engine.ini]
[2019.10.28-13.41.52:293][  0]LogConfig: Setting CVar [[r.GPUCrashDebugging:0]]
[2019.10.28-13.41.52:293][  0]LogConfig: Applying CVar settings from Section [/Script/Engine.RendererOverrideSettings] File [C:/Users/ebricchesi/Documents/Unreal Projects/MySideScroller/VirtusSideScroller/Saved/Config/Windows/Engine.ini]
[2019.10.28-13.41.52:293][  0]LogConfig: Applying CVar settings from Section [/Script/Engine.StreamingSettings] File [C:/Users/ebricchesi/Documents/Unreal Projects/MySideScroller/VirtusSideScroller/Saved/Config/Windows/Engine.ini]
[2019.10.28-13.41.52:293][  0]LogConfig: Setting CVar [[s.MinBulkDataSizeForAsyncLoading:131072]]
[2019.10.28-13.41.52:293][  0]LogConfig: Setting CVar [[s.AsyncLoadingThreadEnabled:0]]
[2019.10.28-13.41.52:293][  0]LogConfig: Setting CVar [[s.EventDrivenLoaderEnabled:1]]
[2019.10.28-13.41.52:293][  0]LogConfig: Setting CVar [[s.WarnIfTimeLimitExceeded:0]]
[2019.10.28-13.41.52:293][  0]LogConfig: Setting CVar [[s.TimeLimitExceededMultiplier:1.5]]
[2019.10.28-13.41.52:293][  0]LogConfig: Setting CVar [[s.TimeLimitExceededMinTime:0.005]]
[2019.10.28-13.41.52:293][  0]LogConfig: Setting CVar [[s.UseBackgroundLevelStreaming:1]]
[2019.10.28-13.41.52:293][  0]LogConfig: Setting CVar [[s.PriorityAsyncLoadingExtraTime:15.0]]
[2019.10.28-13.41.52:293][  0]LogConfig: Setting CVar [[s.LevelStreamingActorsUpdateTimeLimit:5.0]]
[2019.10.28-13.41.52:293][  0]LogConfig: Setting CVar [[s.PriorityLevelStreamingActorsUpdateExtraTime:5.0]]
[2019.10.28-13.41.52:293][  0]LogConfig: Setting CVar [[s.LevelStreamingComponentsRegistrationGranularity:10]]
[2019.10.28-13.41.52:293][  0]LogConfig: Setting CVar [[s.UnregisterComponentsTimeLimit:1.0]]
[2019.10.28-13.41.52:293][  0]LogConfig: Setting CVar [[s.LevelStreamingComponentsUnregistrationGranularity:5]]
[2019.10.28-13.41.52:293][  0]LogConfig: Applying CVar settings from Section [/Script/Engine.GarbageCollectionSettings] File [C:/Users/ebricchesi/Documents/Unreal Projects/MySideScroller/VirtusSideScroller/Saved/Config/Windows/Engine.ini]
[2019.10.28-13.41.52:293][  0]LogConfig: Setting CVar [[gc.MaxObjectsNotConsideredByGC:1]]
[2019.10.28-13.41.52:293][  0]LogConfig: Setting CVar [[gc.SizeOfPermanentObjectPool:0]]
[2019.10.28-13.41.52:293][  0]LogConfig: Setting CVar [[gc.FlushStreamingOnGC:0]]
[2019.10.28-13.41.52:293][  0]LogConfig: Setting CVar [[gc.NumRetriesBeforeForcingGC:10]]
[2019.10.28-13.41.52:293][  0]LogConfig: Setting CVar [[gc.AllowParallelGC:1]]
[2019.10.28-13.41.52:293][  0]LogConfig: Setting CVar [[gc.TimeBetweenPurgingPendingKillObjects:61.1]]
[2019.10.28-13.41.52:293][  0]LogConfig: Setting CVar [[gc.MaxObjectsInEditor:16777216]]
[2019.10.28-13.41.52:293][  0]LogConfig: Setting CVar [[gc.IncrementalBeginDestroyEnabled:1]]
[2019.10.28-13.41.52:294][  0]LogConfig: Setting CVar [[gc.CreateGCClusters:1]]
[2019.10.28-13.41.52:294][  0]LogConfig: Setting CVar [[gc.MinGCClusterSize:5]]
[2019.10.28-13.41.52:294][  0]LogConfig: Setting CVar [[gc.ActorClusteringEnabled:0]]
[2019.10.28-13.41.52:294][  0]LogConfig: Setting CVar [[gc.BlueprintClusteringEnabled:0]]
[2019.10.28-13.41.52:294][  0]LogConfig: Setting CVar [[gc.UseDisregardForGCOnDedicatedServers:0]]
[2019.10.28-13.41.52:294][  0]LogConfig: Applying CVar settings from Section [/Script/Engine.NetworkSettings] File [C:/Users/ebricchesi/Documents/Unreal Projects/MySideScroller/VirtusSideScroller/Saved/Config/Windows/Engine.ini]
[2019.10.28-13.41.52:294][  0]LogConfig: Applying CVar settings from Section [/Script/UnrealEd.CookerSettings] File [C:/Users/ebricchesi/Documents/Unreal Projects/MySideScroller/VirtusSideScroller/Saved/Config/Windows/Engine.ini]
[2019.10.28-13.41.52:302][  0]LogConfig: Applying CVar settings from Section [ViewDistanceQuality@3] File [C:/Users/ebricchesi/Documents/Unreal Projects/MySideScroller/VirtusSideScroller/Saved/Config/Windows/Scalability.ini]
[2019.10.28-13.41.52:302][  0]LogConfig: Setting CVar [[r.SkeletalMeshLODBias:0]]
[2019.10.28-13.41.52:302][  0]LogConfig: Setting CVar [[r.ViewDistanceScale:1.0]]
[2019.10.28-13.41.52:302][  0]LogConfig: Applying CVar settings from Section [AntiAliasingQuality@3] File [C:/Users/ebricchesi/Documents/Unreal Projects/MySideScroller/VirtusSideScroller/Saved/Config/Windows/Scalability.ini]
[2019.10.28-13.41.52:302][  0]LogConfig: Setting CVar [[r.PostProcessAAQuality:4]]
[2019.10.28-13.41.52:302][  0]LogConfig: Applying CVar settings from Section [ShadowQuality@3] File [C:/Users/ebricchesi/Documents/Unreal Projects/MySideScroller/VirtusSideScroller/Saved/Config/Windows/Scalability.ini]
[2019.10.28-13.41.52:302][  0]LogConfig: Setting CVar [[r.LightFunctionQuality:1]]
[2019.10.28-13.41.52:302][  0]LogConfig: Setting CVar [[r.ShadowQuality:5]]
[2019.10.28-13.41.52:302][  0]LogConfig: Setting CVar [[r.Shadow.CSM.MaxCascades:10]]
[2019.10.28-13.41.52:302][  0]LogConfig: Setting CVar [[r.Shadow.MaxResolution:2048]]
[2019.10.28-13.41.52:302][  0]LogConfig: Setting CVar [[r.Shadow.MaxCSMResolution:2048]]
[2019.10.28-13.41.52:302][  0]LogConfig: Setting CVar [[r.Shadow.RadiusThreshold:0.01]]
[2019.10.28-13.41.52:302][  0]LogConfig: Setting CVar [[r.Shadow.DistanceScale:1.0]]
[2019.10.28-13.41.52:302][  0]LogConfig: Setting CVar [[r.Shadow.CSM.TransitionScale:1.0]]
[2019.10.28-13.41.52:302][  0]LogConfig: Setting CVar [[r.Shadow.PreShadowResolutionFactor:1.0]]
[2019.10.28-13.41.52:303][  0]LogConfig: Setting CVar [[r.DistanceFieldShadowing:1]]
[2019.10.28-13.41.52:303][  0]LogConfig: Setting CVar [[r.DistanceFieldAO:1]]
[2019.10.28-13.41.52:303][  0]LogConfig: Setting CVar [[r.AOQuality:2]]
[2019.10.28-13.41.52:303][  0]LogConfig: Setting CVar [[r.VolumetricFog:1]]
[2019.10.28-13.41.52:303][  0]LogConfig: Setting CVar [[r.VolumetricFog.GridPixelSize:8]]
[2019.10.28-13.41.52:303][  0]LogConfig: Setting CVar [[r.VolumetricFog.GridSizeZ:128]]
[2019.10.28-13.41.52:303][  0]LogConfig: Setting CVar [[r.VolumetricFog.HistoryMissSupersampleCount:4]]
[2019.10.28-13.41.52:303][  0]LogConfig: Setting CVar [[r.LightMaxDrawDistanceScale:1]]
[2019.10.28-13.41.52:303][  0]LogConfig: Setting CVar [[r.CapsuleShadows:1]]
[2019.10.28-13.41.52:303][  0]LogConfig: Applying CVar settings from Section [PostProcessQuality@3] File [C:/Users/ebricchesi/Documents/Unreal Projects/MySideScroller/VirtusSideScroller/Saved/Config/Windows/Scalability.ini]
[2019.10.28-13.41.52:303][  0]LogConfig: Setting CVar [[r.MotionBlurQuality:4]]
[2019.10.28-13.41.52:303][  0]LogConfig: Setting CVar [[r.AmbientOcclusionMipLevelFactor:0.4]]
[2019.10.28-13.41.52:303][  0]LogConfig: Setting CVar [[r.AmbientOcclusionMaxQuality:100]]
[2019.10.28-13.41.52:303][  0]LogConfig: Setting CVar [[r.AmbientOcclusionLevels:-1]]
[2019.10.28-13.41.52:303][  0]LogConfig: Setting CVar [[r.AmbientOcclusionRadiusScale:1.0]]
[2019.10.28-13.41.52:303][  0]LogConfig: Setting CVar [[r.DepthOfFieldQuality:2]]
[2019.10.28-13.41.52:303][  0]LogConfig: Setting CVar [[r.RenderTargetPoolMin:400]]
[2019.10.28-13.41.52:303][  0]LogConfig: Setting CVar [[r.LensFlareQuality:2]]
[2019.10.28-13.41.52:303][  0]LogConfig: Setting CVar [[r.SceneColorFringeQuality:1]]
[2019.10.28-13.41.52:303][  0]LogConfig: Setting CVar [[r.EyeAdaptationQuality:2]]
[2019.10.28-13.41.52:303][  0]LogConfig: Setting CVar [[r.BloomQuality:5]]
[2019.10.28-13.41.52:303][  0]LogConfig: Setting CVar [[r.FastBlurThreshold:100]]
[2019.10.28-13.41.52:303][  0]LogConfig: Setting CVar [[r.Upscale.Quality:3]]
[2019.10.28-13.41.52:303][  0]LogConfig: Setting CVar [[r.Tonemapper.GrainQuantization:1]]
[2019.10.28-13.41.52:303][  0]LogConfig: Setting CVar [[r.LightShaftQuality:1]]
[2019.10.28-13.41.52:303][  0]LogConfig: Setting CVar [[r.Filter.SizeScale:1]]
[2019.10.28-13.41.52:303][  0]LogConfig: Setting CVar [[r.Tonemapper.Quality:5]]
[2019.10.28-13.41.52:303][  0]LogConfig: Setting CVar [[r.DOF.Gather.AccumulatorQuality:1        ; higher gathering accumulator quality]]
[2019.10.28-13.41.52:303][  0]LogConfig: Setting CVar [[r.DOF.Gather.PostfilterMethod:1          ; Median3x3 postfilering method]]
[2019.10.28-13.41.52:303][  0]LogConfig: Setting CVar [[r.DOF.Gather.EnableBokehSettings:0       ; no bokeh simulation when gathering]]
[2019.10.28-13.41.52:303][  0]LogConfig: Setting CVar [[r.DOF.Gather.RingCount:4                 ; medium number of samples when gathering]]
[2019.10.28-13.41.52:303][  0]LogConfig: Setting CVar [[r.DOF.Scatter.ForegroundCompositing:1    ; additive foreground scattering]]
[2019.10.28-13.41.52:303][  0]LogConfig: Setting CVar [[r.DOF.Scatter.BackgroundCompositing:2    ; additive background scattering]]
[2019.10.28-13.41.52:303][  0]LogConfig: Setting CVar [[r.DOF.Scatter.EnableBokehSettings:1      ; bokeh simulation when scattering]]
[2019.10.28-13.41.52:303][  0]LogConfig: Setting CVar [[r.DOF.Scatter.MaxSpriteRatio:0.1         ; only a maximum of 10% of scattered bokeh]]
[2019.10.28-13.41.52:303][  0]LogConfig: Setting CVar [[r.DOF.Recombine.Quality:1                ; cheap slight out of focus]]
[2019.10.28-13.41.52:303][  0]LogConfig: Setting CVar [[r.DOF.Recombine.EnableBokehSettings:0    ; no bokeh simulation on slight out of focus]]
[2019.10.28-13.41.52:303][  0]LogConfig: Setting CVar [[r.DOF.TemporalAAQuality:1                ; more stable temporal accumulation]]
[2019.10.28-13.41.52:303][  0]LogConfig: Setting CVar [[r.DOF.Kernel.MaxForegroundRadius:0.025]]
[2019.10.28-13.41.52:303][  0]LogConfig: Setting CVar [[r.DOF.Kernel.MaxBackgroundRadius:0.025]]
[2019.10.28-13.41.52:303][  0]LogConfig: Applying CVar settings from Section [TextureQuality@3] File [C:/Users/ebricchesi/Documents/Unreal Projects/MySideScroller/VirtusSideScroller/Saved/Config/Windows/Scalability.ini]
[2019.10.28-13.41.52:303][  0]LogConfig: Setting CVar [[r.Streaming.MipBias:0]]
[2019.10.28-13.41.52:303][  0]LogConfig: Setting CVar [[r.Streaming.AmortizeCPUToGPUCopy:0]]
[2019.10.28-13.41.52:303][  0]LogConfig: Setting CVar [[r.Streaming.MaxNumTexturesToStreamPerFrame:0]]
[2019.10.28-13.41.52:303][  0]LogConfig: Setting CVar [[r.Streaming.Boost:1]]
[2019.10.28-13.41.52:303][  0]LogConfig: Setting CVar [[r.MaxAnisotropy:8]]
[2019.10.28-13.41.52:303][  0]LogConfig: Setting CVar [[r.Streaming.LimitPoolSizeToVRAM:0]]
[2019.10.28-13.41.52:303][  0]LogConfig: Setting CVar [[r.Streaming.PoolSize:1000]]
[2019.10.28-13.41.52:303][  0]LogConfig: Setting CVar [[r.Streaming.MaxEffectiveScreenSize:0]]
[2019.10.28-13.41.52:303][  0]LogConfig: Applying CVar settings from Section [EffectsQuality@3] File [C:/Users/ebricchesi/Documents/Unreal Projects/MySideScroller/VirtusSideScroller/Saved/Config/Windows/Scalability.ini]
[2019.10.28-13.41.52:303][  0]LogConfig: Setting CVar [[r.TranslucencyLightingVolumeDim:64]]
[2019.10.28-13.41.52:303][  0]LogConfig: Setting CVar [[r.RefractionQuality:2]]
[2019.10.28-13.41.52:304][  0]LogConfig: Setting CVar [[r.SSR.Quality:3]]
[2019.10.28-13.41.52:304][  0]LogConfig: Setting CVar [[r.SceneColorFormat:4]]
[2019.10.28-13.41.52:304][  0]LogConfig: Setting CVar [[r.DetailMode:2]]
[2019.10.28-13.41.52:304][  0]LogConfig: Setting CVar [[r.TranslucencyVolumeBlur:1]]
[2019.10.28-13.41.52:304][  0]LogConfig: Setting CVar [[r.MaterialQualityLevel:1 ; High quality]]
[2019.10.28-13.41.52:304][  0]LogConfig: Setting CVar [[r.SSS.Scale:1]]
[2019.10.28-13.41.52:304][  0]LogConfig: Setting CVar [[r.SSS.SampleSet:2]]
[2019.10.28-13.41.52:304][  0]LogConfig: Setting CVar [[r.SSS.Quality:1]]
[2019.10.28-13.41.52:304][  0]LogConfig: Setting CVar [[r.SSS.HalfRes:1]]
[2019.10.28-13.41.52:304][  0]LogConfig: Setting CVar [[r.EmitterSpawnRateScale:1.0]]
[2019.10.28-13.41.52:304][  0]LogConfig: Setting CVar [[r.ParticleLightQuality:2]]
[2019.10.28-13.41.52:304][  0]LogConfig: Applying CVar settings from Section [FoliageQuality@3] File [C:/Users/ebricchesi/Documents/Unreal Projects/MySideScroller/VirtusSideScroller/Saved/Config/Windows/Scalability.ini]
[2019.10.28-13.41.52:304][  0]LogConfig: Setting CVar [[foliage.DensityScale:1.0]]
[2019.10.28-13.41.52:304][  0]LogConfig: Setting CVar [[grass.DensityScale:1.0]]
[2019.10.28-13.41.52:304][  0]LogInit: Selected Device Profile: [Windows]
[2019.10.28-13.41.52:304][  0]LogInit: Applying CVar settings loaded from the selected device profile: [Windows]
[2019.10.28-13.41.52:309][  0]LogHAL: Display: Platform has ~ 8 GB [8496017408 / 8589934592 / 8], which maps to Default [LargestMinGB=32, LargerMinGB=12, DefaultMinGB=8, SmallerMinGB=6, SmallestMinGB=0)
[2019.10.28-13.41.52:309][  0]LogInit: Going up to parent DeviceProfile []
[2019.10.28-13.41.52:309][  0]LogConfig: Applying CVar settings from Section [ViewDistanceQuality@3] File [C:/Users/ebricchesi/Documents/Unreal Projects/MySideScroller/VirtusSideScroller/Saved/Config/Windows/Scalability.ini]
[2019.10.28-13.41.52:309][  0]LogConfig: Setting CVar [[r.SkeletalMeshLODBias:0]]
[2019.10.28-13.41.52:309][  0]LogConfig: Setting CVar [[r.ViewDistanceScale:1.0]]
[2019.10.28-13.41.52:309][  0]LogConfig: Applying CVar settings from Section [AntiAliasingQuality@3] File [C:/Users/ebricchesi/Documents/Unreal Projects/MySideScroller/VirtusSideScroller/Saved/Config/Windows/Scalability.ini]
[2019.10.28-13.41.52:309][  0]LogConfig: Setting CVar [[r.PostProcessAAQuality:4]]
[2019.10.28-13.41.52:309][  0]LogConfig: Applying CVar settings from Section [ShadowQuality@3] File [C:/Users/ebricchesi/Documents/Unreal Projects/MySideScroller/VirtusSideScroller/Saved/Config/Windows/Scalability.ini]
[2019.10.28-13.41.52:309][  0]LogConfig: Setting CVar [[r.LightFunctionQuality:1]]
[2019.10.28-13.41.52:309][  0]LogConfig: Setting CVar [[r.ShadowQuality:5]]
[2019.10.28-13.41.52:309][  0]LogConfig: Setting CVar [[r.Shadow.CSM.MaxCascades:10]]
[2019.10.28-13.41.52:309][  0]LogConfig: Setting CVar [[r.Shadow.MaxResolution:2048]]
[2019.10.28-13.41.52:309][  0]LogConfig: Setting CVar [[r.Shadow.MaxCSMResolution:2048]]
[2019.10.28-13.41.52:309][  0]LogConfig: Setting CVar [[r.Shadow.RadiusThreshold:0.01]]
[2019.10.28-13.41.52:309][  0]LogConfig: Setting CVar [[r.Shadow.DistanceScale:1.0]]
[2019.10.28-13.41.52:309][  0]LogConfig: Setting CVar [[r.Shadow.CSM.TransitionScale:1.0]]
[2019.10.28-13.41.52:309][  0]LogConfig: Setting CVar [[r.Shadow.PreShadowResolutionFactor:1.0]]
[2019.10.28-13.41.52:309][  0]LogConfig: Setting CVar [[r.DistanceFieldShadowing:1]]
[2019.10.28-13.41.52:309][  0]LogConfig: Setting CVar [[r.DistanceFieldAO:1]]
[2019.10.28-13.41.52:309][  0]LogConfig: Setting CVar [[r.AOQuality:2]]
[2019.10.28-13.41.52:309][  0]LogConfig: Setting CVar [[r.VolumetricFog:1]]
[2019.10.28-13.41.52:309][  0]LogConfig: Setting CVar [[r.VolumetricFog.GridPixelSize:8]]
[2019.10.28-13.41.52:309][  0]LogConfig: Setting CVar [[r.VolumetricFog.GridSizeZ:128]]
[2019.10.28-13.41.52:309][  0]LogConfig: Setting CVar [[r.VolumetricFog.HistoryMissSupersampleCount:4]]
[2019.10.28-13.41.52:309][  0]LogConfig: Setting CVar [[r.LightMaxDrawDistanceScale:1]]
[2019.10.28-13.41.52:309][  0]LogConfig: Setting CVar [[r.CapsuleShadows:1]]
[2019.10.28-13.41.52:309][  0]LogConfig: Applying CVar settings from Section [PostProcessQuality@3] File [C:/Users/ebricchesi/Documents/Unreal Projects/MySideScroller/VirtusSideScroller/Saved/Config/Windows/Scalability.ini]
[2019.10.28-13.41.52:309][  0]LogConfig: Setting CVar [[r.MotionBlurQuality:4]]
[2019.10.28-13.41.52:309][  0]LogConfig: Setting CVar [[r.AmbientOcclusionMipLevelFactor:0.4]]
[2019.10.28-13.41.52:310][  0]LogConfig: Setting CVar [[r.AmbientOcclusionMaxQuality:100]]
[2019.10.28-13.41.52:310][  0]LogConfig: Setting CVar [[r.AmbientOcclusionLevels:-1]]
[2019.10.28-13.41.52:310][  0]LogConfig: Setting CVar [[r.AmbientOcclusionRadiusScale:1.0]]
[2019.10.28-13.41.52:310][  0]LogConfig: Setting CVar [[r.DepthOfFieldQuality:2]]
[2019.10.28-13.41.52:310][  0]LogConfig: Setting CVar [[r.RenderTargetPoolMin:400]]
[2019.10.28-13.41.52:310][  0]LogConfig: Setting CVar [[r.LensFlareQuality:2]]
[2019.10.28-13.41.52:310][  0]LogConfig: Setting CVar [[r.SceneColorFringeQuality:1]]
[2019.10.28-13.41.52:310][  0]LogConfig: Setting CVar [[r.EyeAdaptationQuality:2]]
[2019.10.28-13.41.52:310][  0]LogConfig: Setting CVar [[r.BloomQuality:5]]
[2019.10.28-13.41.52:310][  0]LogConfig: Setting CVar [[r.FastBlurThreshold:100]]
[2019.10.28-13.41.52:310][  0]LogConfig: Setting CVar [[r.Upscale.Quality:3]]
[2019.10.28-13.41.52:310][  0]LogConfig: Setting CVar [[r.Tonemapper.GrainQuantization:1]]
[2019.10.28-13.41.52:310][  0]LogConfig: Setting CVar [[r.LightShaftQuality:1]]
[2019.10.28-13.41.52:310][  0]LogConfig: Setting CVar [[r.Filter.SizeScale:1]]
[2019.10.28-13.41.52:310][  0]LogConfig: Setting CVar [[r.Tonemapper.Quality:5]]
[2019.10.28-13.41.52:310][  0]LogConfig: Setting CVar [[r.DOF.Gather.AccumulatorQuality:1        ; higher gathering accumulator quality]]
[2019.10.28-13.41.52:310][  0]LogConfig: Setting CVar [[r.DOF.Gather.PostfilterMethod:1          ; Median3x3 postfilering method]]
[2019.10.28-13.41.52:310][  0]LogConfig: Setting CVar [[r.DOF.Gather.EnableBokehSettings:0       ; no bokeh simulation when gathering]]
[2019.10.28-13.41.52:310][  0]LogConfig: Setting CVar [[r.DOF.Gather.RingCount:4                 ; medium number of samples when gathering]]
[2019.10.28-13.41.52:310][  0]LogConfig: Setting CVar [[r.DOF.Scatter.ForegroundCompositing:1    ; additive foreground scattering]]
[2019.10.28-13.41.52:310][  0]LogConfig: Setting CVar [[r.DOF.Scatter.BackgroundCompositing:2    ; additive background scattering]]
[2019.10.28-13.41.52:310][  0]LogConfig: Setting CVar [[r.DOF.Scatter.EnableBokehSettings:1      ; bokeh simulation when scattering]]
[2019.10.28-13.41.52:310][  0]LogConfig: Setting CVar [[r.DOF.Scatter.MaxSpriteRatio:0.1         ; only a maximum of 10% of scattered bokeh]]
[2019.10.28-13.41.52:310][  0]LogConfig: Setting CVar [[r.DOF.Recombine.Quality:1                ; cheap slight out of focus]]
[2019.10.28-13.41.52:310][  0]LogConfig: Setting CVar [[r.DOF.Recombine.EnableBokehSettings:0    ; no bokeh simulation on slight out of focus]]
[2019.10.28-13.41.52:310][  0]LogConfig: Setting CVar [[r.DOF.TemporalAAQuality:1                ; more stable temporal accumulation]]
[2019.10.28-13.41.52:310][  0]LogConfig: Setting CVar [[r.DOF.Kernel.MaxForegroundRadius:0.025]]
[2019.10.28-13.41.52:310][  0]LogConfig: Setting CVar [[r.DOF.Kernel.MaxBackgroundRadius:0.025]]
[2019.10.28-13.41.52:310][  0]LogConfig: Applying CVar settings from Section [TextureQuality@3] File [C:/Users/ebricchesi/Documents/Unreal Projects/MySideScroller/VirtusSideScroller/Saved/Config/Windows/Scalability.ini]
[2019.10.28-13.41.52:310][  0]LogConfig: Setting CVar [[r.Streaming.MipBias:0]]
[2019.10.28-13.41.52:310][  0]LogConfig: Setting CVar [[r.Streaming.AmortizeCPUToGPUCopy:0]]
[2019.10.28-13.41.52:310][  0]LogConfig: Setting CVar [[r.Streaming.MaxNumTexturesToStreamPerFrame:0]]
[2019.10.28-13.41.52:310][  0]LogConfig: Setting CVar [[r.Streaming.Boost:1]]
[2019.10.28-13.41.52:310][  0]LogConfig: Setting CVar [[r.MaxAnisotropy:8]]
[2019.10.28-13.41.52:310][  0]LogConfig: Setting CVar [[r.Streaming.LimitPoolSizeToVRAM:0]]
[2019.10.28-13.41.52:310][  0]LogConfig: Setting CVar [[r.Streaming.PoolSize:1000]]
[2019.10.28-13.41.52:310][  0]LogConfig: Setting CVar [[r.Streaming.MaxEffectiveScreenSize:0]]
[2019.10.28-13.41.52:310][  0]LogConfig: Applying CVar settings from Section [EffectsQuality@3] File [C:/Users/ebricchesi/Documents/Unreal Projects/MySideScroller/VirtusSideScroller/Saved/Config/Windows/Scalability.ini]
[2019.10.28-13.41.52:310][  0]LogConfig: Setting CVar [[r.TranslucencyLightingVolumeDim:64]]
[2019.10.28-13.41.52:310][  0]LogConfig: Setting CVar [[r.RefractionQuality:2]]
[2019.10.28-13.41.52:310][  0]LogConfig: Setting CVar [[r.SSR.Quality:3]]
[2019.10.28-13.41.52:310][  0]LogConfig: Setting CVar [[r.SceneColorFormat:4]]
[2019.10.28-13.41.52:310][  0]LogConfig: Setting CVar [[r.DetailMode:2]]
[2019.10.28-13.41.52:310][  0]LogConfig: Setting CVar [[r.TranslucencyVolumeBlur:1]]
[2019.10.28-13.41.52:310][  0]LogConfig: Setting CVar [[r.MaterialQualityLevel:1 ; High quality]]
[2019.10.28-13.41.52:310][  0]LogConfig: Setting CVar [[r.SSS.Scale:1]]
[2019.10.28-13.41.52:310][  0]LogConfig: Setting CVar [[r.SSS.SampleSet:2]]
[2019.10.28-13.41.52:310][  0]LogConfig: Setting CVar [[r.SSS.Quality:1]]
[2019.10.28-13.41.52:310][  0]LogConfig: Setting CVar [[r.SSS.HalfRes:1]]
[2019.10.28-13.41.52:310][  0]LogConfig: Setting CVar [[r.EmitterSpawnRateScale:1.0]]
[2019.10.28-13.41.52:310][  0]LogConfig: Setting CVar [[r.ParticleLightQuality:2]]
[2019.10.28-13.41.52:310][  0]LogConfig: Applying CVar settings from Section [FoliageQuality@3] File [C:/Users/ebricchesi/Documents/Unreal Projects/MySideScroller/VirtusSideScroller/Saved/Config/Windows/Scalability.ini]
[2019.10.28-13.41.52:311][  0]LogConfig: Setting CVar [[foliage.DensityScale:1.0]]
[2019.10.28-13.41.52:311][  0]LogConfig: Setting CVar [[grass.DensityScale:1.0]]
[2019.10.28-13.41.52:311][  0]LogConfig: Applying CVar settings from Section [Startup] File [../../../Engine/Config/ConsoleVariables.ini]
[2019.10.28-13.41.52:311][  0]LogConfig: Setting CVar [[net.UseAdaptiveNetUpdateFrequency:0]]
[2019.10.28-13.41.52:311][  0]LogConfig: Setting CVar [[p.chaos.AllowCreatePhysxBodies:1]]
[2019.10.28-13.41.52:311][  0]LogConfig: Applying CVar settings from Section [ConsoleVariables] File [C:/Users/ebricchesi/Documents/Unreal Projects/MySideScroller/VirtusSideScroller/Saved/Config/Windows/Engine.ini]
[2019.10.28-13.41.52:311][  0]LogInit: Computer: WKS0337
[2019.10.28-13.41.52:311][  0]LogInit: User: ebricchesi
[2019.10.28-13.41.52:311][  0]LogInit: CPU Page size=4096, Cores=2
[2019.10.28-13.41.52:311][  0]LogInit: High frequency timer resolution =2.143479 MHz
[2019.10.28-13.41.52:311][  0]LogMemory: Memory total: Physical=7.9GB (8GB approx)
[2019.10.28-13.41.52:311][  0]LogMemory: Platform Memory Stats for Windows
[2019.10.28-13.41.52:312][  0]LogMemory: Process Physical Memory: 100.04 MB used, 100.04 MB peak
[2019.10.28-13.41.52:312][  0]LogMemory: Process Virtual Memory: 99.85 MB used, 99.85 MB peak
[2019.10.28-13.41.52:312][  0]LogMemory: Physical Memory: 5840.96 MB used,  2261.47 MB free, 8102.43 MB total
[2019.10.28-13.41.52:312][  0]LogMemory: Virtual Memory: 4667.92 MB used,  134213056.00 MB free, 134217728.00 MB total
[2019.10.28-13.41.52:315][  0]LogWindows: WindowsPlatformFeatures enabled
[2019.10.28-13.41.52:368][  0]LogInit: Overriding language with editor language configuration option (en).
[2019.10.28-13.41.52:368][  0]LogInit: Overriding locale with editor locale configuration option (en).
[2019.10.28-13.41.52:707][  0]LogInit: Setting process to per monitor DPI aware
[2019.10.28-13.41.52:759][  0]LogSlate: New Slate User Created.  User Index 0, Is Virtual User: 0
[2019.10.28-13.41.52:759][  0]LogSlate: Slate User Registered.  User Index 0, Is Virtual User: 0
[2019.10.28-13.41.53:179][  0]LogHMD: Failed to initialize OpenVR with code 110
[2019.10.28-13.41.53:179][  0]LogD3D11RHI: D3D11 adapters:
[2019.10.28-13.41.53:260][  0]LogD3D11RHI:    0. 'NVIDIA GeForce 920M' (Feature Level 11_0)
[2019.10.28-13.41.53:260][  0]LogD3D11RHI:       2009/0/4051 MB DedicatedVideo/DedicatedSystem/SharedSystem, Outputs:2, VendorId:0x10de
[2019.10.28-13.41.53:270][  0]LogD3D11RHI:    1. 'Intel(R) HD Graphics 5500' (Feature Level 11_0)
[2019.10.28-13.41.53:270][  0]LogD3D11RHI:       128/0/4051 MB DedicatedVideo/DedicatedSystem/SharedSystem, Outputs:0, VendorId:0x8086
[2019.10.28-13.41.53:274][  0]LogD3D11RHI:    2. 'Microsoft Basic Render Driver' (Feature Level 11_0)
[2019.10.28-13.41.53:274][  0]LogD3D11RHI:       0/0/4051 MB DedicatedVideo/DedicatedSystem/SharedSystem, Outputs:0, VendorId:0x1414
[2019.10.28-13.41.53:274][  0]LogD3D11RHI: Chosen D3D11 Adapter: 0
[2019.10.28-13.41.53:324][  0]LogD3D11RHI: Creating new Direct3DDevice
[2019.10.28-13.41.53:324][  0]LogD3D11RHI:     GPU DeviceId: 0x1299 (for the marketing name, search the web for "GPU Device Id")
[2019.10.28-13.41.53:324][  0]LogWindows: EnumDisplayDevices:
[2019.10.28-13.41.53:325][  0]LogWindows:    0. 'Intel(R) HD Graphics 5500' (P:1 D:1)
[2019.10.28-13.41.53:325][  0]LogWindows:    1. 'Intel(R) HD Graphics 5500' (P:0 D:1)
[2019.10.28-13.41.53:326][  0]LogWindows:    2. 'Intel(R) HD Graphics 5500' (P:0 D:0)
[2019.10.28-13.41.53:327][  0]LogWindows: DebugString: PrimaryIsNotTheChoosenAdapter PrimaryIsNotTheChoosenAdapter PrimaryIsNotTheChoosenAdapter FoundDriverCount:0 
[2019.10.28-13.41.53:327][  0]LogD3D11RHI:     Adapter Name: NVIDIA GeForce 920M
[2019.10.28-13.41.53:327][  0]LogD3D11RHI:   Driver Version: Unknown (internal:Unknown, unified:Unknown)
[2019.10.28-13.41.53:327][  0]LogD3D11RHI:      Driver Date: Unknown
[2019.10.28-13.41.53:327][  0]LogRHI: Texture pool is 1406 MB (70% of 2009 MB)
[2019.10.28-13.41.53:388][  0]LogD3D11RHI: Async texture creation enabled
[2019.10.28-13.41.53:411][  0]LogD3D11RHI: GPU Timing Frequency: 1000.000000 (Debug: 2 2)
[2019.10.28-13.41.54:200][  0]LogTemp: Display: Module 'AllDesktopTargetPlatform' loaded TargetPlatform 'AllDesktop'
[2019.10.28-13.41.54:219][  0]LogTemp: Display: Module 'MacClientTargetPlatform' loaded TargetPlatform 'MacClient'
[2019.10.28-13.41.54:237][  0]LogTemp: Display: Module 'MacNoEditorTargetPlatform' loaded TargetPlatform 'MacNoEditor'
[2019.10.28-13.41.54:254][  0]LogTemp: Display: Module 'MacServerTargetPlatform' loaded TargetPlatform 'MacServer'
[2019.10.28-13.41.54:272][  0]LogTemp: Display: Module 'MacTargetPlatform' loaded TargetPlatform 'Mac'
[2019.10.28-13.41.54:290][  0]LogTemp: Display: Module 'WindowsClientTargetPlatform' loaded TargetPlatform 'WindowsClient'
[2019.10.28-13.41.54:308][  0]LogTemp: Display: Module 'WindowsNoEditorTargetPlatform' loaded TargetPlatform 'WindowsNoEditor'
[2019.10.28-13.41.54:326][  0]LogTemp: Display: Module 'WindowsServerTargetPlatform' loaded TargetPlatform 'WindowsServer'
[2019.10.28-13.41.54:337][  0]LogTemp: Display: Module 'WindowsTargetPlatform' loaded TargetPlatform 'Windows'
[2019.10.28-13.41.54:402][  0]LogTemp: Display: Module 'AndroidTargetPlatform' loaded TargetPlatform 'Android'
[2019.10.28-13.41.54:402][  0]LogTemp: Display: Module 'AndroidTargetPlatform' loaded TargetPlatform 'Android_ASTC'
[2019.10.28-13.41.54:402][  0]LogTemp: Display: Module 'AndroidTargetPlatform' loaded TargetPlatform 'Android_ATC'
[2019.10.28-13.41.54:402][  0]LogTemp: Display: Module 'AndroidTargetPlatform' loaded TargetPlatform 'Android_DXT'
[2019.10.28-13.41.54:402][  0]LogTemp: Display: Module 'AndroidTargetPlatform' loaded TargetPlatform 'Android_ETC1'
[2019.10.28-13.41.54:402][  0]LogTemp: Display: Module 'AndroidTargetPlatform' loaded TargetPlatform 'Android_ETC1a'
[2019.10.28-13.41.54:402][  0]LogTemp: Display: Module 'AndroidTargetPlatform' loaded TargetPlatform 'Android_ETC2'
[2019.10.28-13.41.54:402][  0]LogTemp: Display: Module 'AndroidTargetPlatform' loaded TargetPlatform 'Android_PVRTC'
[2019.10.28-13.41.54:402][  0]LogTemp: Display: Module 'AndroidTargetPlatform' loaded TargetPlatform 'AndroidClient'
[2019.10.28-13.41.54:402][  0]LogTemp: Display: Module 'AndroidTargetPlatform' loaded TargetPlatform 'Android_ASTCClient'
[2019.10.28-13.41.54:402][  0]LogTemp: Display: Module 'AndroidTargetPlatform' loaded TargetPlatform 'Android_ATCClient'
[2019.10.28-13.41.54:402][  0]LogTemp: Display: Module 'AndroidTargetPlatform' loaded TargetPlatform 'Android_DXTClient'
[2019.10.28-13.41.54:402][  0]LogTemp: Display: Module 'AndroidTargetPlatform' loaded TargetPlatform 'Android_ETC1Client'
[2019.10.28-13.41.54:402][  0]LogTemp: Display: Module 'AndroidTargetPlatform' loaded TargetPlatform 'Android_ETC1aClient'
[2019.10.28-13.41.54:402][  0]LogTemp: Display: Module 'AndroidTargetPlatform' loaded TargetPlatform 'Android_ETC2Client'
[2019.10.28-13.41.54:402][  0]LogTemp: Display: Module 'AndroidTargetPlatform' loaded TargetPlatform 'Android_PVRTCClient'
[2019.10.28-13.41.54:402][  0]LogTemp: Display: Module 'AndroidTargetPlatform' loaded TargetPlatform 'Android_Multi'
[2019.10.28-13.41.54:402][  0]LogTemp: Display: Module 'AndroidTargetPlatform' loaded TargetPlatform 'Android_MultiClient'
[2019.10.28-13.41.54:405][  0]LogTemp: Display: Module 'HTML5TargetPlatform' loaded TargetPlatform 'HTML5'
[2019.10.28-13.41.54:437][  0]LogTemp: Display: Module 'IOSTargetPlatform' loaded TargetPlatform 'IOSClient'
[2019.10.28-13.41.54:437][  0]LogTemp: Display: Module 'IOSTargetPlatform' loaded TargetPlatform 'IOS'
[2019.10.28-13.41.54:461][  0]LogTemp: Display: Module 'TVOSTargetPlatform' loaded TargetPlatform 'TVOSClient'
[2019.10.28-13.41.54:461][  0]LogTemp: Display: Module 'TVOSTargetPlatform' loaded TargetPlatform 'TVOS'
[2019.10.28-13.41.54:473][  0]LogTemp: Display: Module 'LinuxClientTargetPlatform' loaded TargetPlatform 'LinuxClient'
[2019.10.28-13.41.54:489][  0]LogTemp: Display: Module 'LinuxNoEditorTargetPlatform' loaded TargetPlatform 'LinuxNoEditor'
[2019.10.28-13.41.54:501][  0]LogTemp: Display: Module 'LinuxServerTargetPlatform' loaded TargetPlatform 'LinuxServer'
[2019.10.28-13.41.54:513][  0]LogTemp: Display: Module 'LinuxTargetPlatform' loaded TargetPlatform 'Linux'
[2019.10.28-13.41.54:556][  0]LogTemp: Display: Module 'LuminTargetPlatform' loaded TargetPlatform 'Lumin'
[2019.10.28-13.41.54:556][  0]LogTemp: Display: Module 'LuminTargetPlatform' loaded TargetPlatform 'LuminClient'
[2019.10.28-13.41.54:556][  0]LogTargetPlatformManager: Display: Building Assets For Windows
[2019.10.28-13.41.54:578][  0]LogAudioDebug: Display: Lib vorbis DLL was dynamically loaded.
[2019.10.28-13.41.54:709][  0]LogShaderCompilers: Guid format shader working directory is -44 characters bigger than the processId version (../../../../../../Users/ebricchesi/Documents/Unreal Projects/MySideScroller/VirtusSideScroller/Intermediate/Shaders/WorkingDirectory/13836/).
[2019.10.28-13.41.54:709][  0]LogShaderCompilers: Cleaned the shader compiler working directory 'C:/Users/ebricchesi/AppData/Local/Temp/UnrealShaderWorkingDir/E767519547BAC1BE1A445CBC536BBD8E/'.
[2019.10.28-13.41.54:716][  0]LogXGEController: Cannot use XGE Controller as Incredibuild is not installed on this machine.
[2019.10.28-13.41.54:716][  0]LogShaderCompilers: Cannot use XGE Shader Compiler as Incredibuild is not installed on this machine.
[2019.10.28-13.41.54:716][  0]LogShaderCompilers: Display: Using Local Shader Compiler.
[2019.10.28-13.41.55:780][  0]LogDerivedDataCache: Display: Max Cache Size: 512 MB
[2019.10.28-13.41.55:918][  0]LogDerivedDataCache: Loaded boot cache 0.14s 73MB C:/Users/ebricchesi/AppData/Local/UnrealEngine/4.23/DerivedDataCache/Boot.ddc.
[2019.10.28-13.41.55:918][  0]LogDerivedDataCache: Display: Loaded Boot cache: C:/Users/ebricchesi/AppData/Local/UnrealEngine/4.23/DerivedDataCache/Boot.ddc
[2019.10.28-13.41.55:918][  0]LogDerivedDataCache: FDerivedDataBackendGraph:  Pak pak cache file ../../../../../../Users/ebricchesi/Documents/Unreal Projects/MySideScroller/VirtusSideScroller/DerivedDataCache/DDC.ddp not found, will not use a pak cache.
[2019.10.28-13.41.55:918][  0]LogDerivedDataCache: Unable to find inner node Pak for hierarchical cache Hierarchy.
[2019.10.28-13.41.55:918][  0]LogDerivedDataCache: FDerivedDataBackendGraph:  CompressedPak pak cache file ../../../../../../Users/ebricchesi/Documents/Unreal Projects/MySideScroller/VirtusSideScroller/DerivedDataCache/Compressed.ddp not found, will not use a pak cache.
[2019.10.28-13.41.55:919][  0]LogDerivedDataCache: Unable to find inner node CompressedPak for hierarchical cache Hierarchy.
[2019.10.28-13.41.55:939][  0]LogDerivedDataCache: Display: Pak cache opened for reading ../../../Engine/DerivedDataCache/Compressed.ddp.
[2019.10.28-13.41.55:939][  0]LogDerivedDataCache: FDerivedDataBackendGraph:  EnterprisePak pak cache file ../../../Enterprise/DerivedDataCache/Compressed.ddp not found, will not use a pak cache.
[2019.10.28-13.41.55:939][  0]LogDerivedDataCache: Unable to find inner node EnterprisePak for hierarchical cache Hierarchy.
[2019.10.28-13.41.55:941][  0]LogDerivedDataCache: Using Local data cache path C:/Users/ebricchesi/AppData/Local/UnrealEngine/Common/DerivedDataCache: Writable
[2019.10.28-13.41.55:941][  0]LogDerivedDataCache: Shared data cache path not found in *engine.ini, will not use an Shared cache.
[2019.10.28-13.41.55:941][  0]LogDerivedDataCache: Unable to find inner node Shared for hierarchical cache Hierarchy.
[2019.10.28-13.41.55:978][  0]LogMaterial: Verifying Global Shaders for PCD3D_SM5
[2019.10.28-13.41.55:981][  0]LogSlate: Using FreeType 2.6.0
[2019.10.28-13.41.55:982][  0]LogSlate: SlateFontServices - WITH_FREETYPE: 1, WITH_HARFBUZZ: 1
[2019.10.28-13.41.56:092][  0]LogAssetRegistry: FAssetRegistry took 0.0037 seconds to start up
[2019.10.28-13.41.56:646][  0]LogInit: Selected Device Profile: [Windows]
[2019.10.28-13.41.56:770][  0]LogMeshReduction: Using QuadricMeshReduction for automatic static mesh reduction
[2019.10.28-13.41.56:770][  0]LogMeshReduction: Using SimplygonMeshReduction for automatic skeletal mesh reduction
[2019.10.28-13.41.56:770][  0]LogMeshReduction: Using ProxyLODMeshReduction for automatic mesh merging
[2019.10.28-13.41.56:770][  0]LogMeshReduction: No distributed automatic mesh merging module available
[2019.10.28-13.41.56:770][  0]LogMeshMerging: No distributed automatic mesh merging module available
[2019.10.28-13.41.57:031][  0]LogNetVersion: VirtusSideScroller 1.0.0, NetCL: 8386587, EngineNetVer: 11, GameNetVer: 0 (Checksum: 1283655618)
[2019.10.28-13.41.57:938][  0]LogPackageLocalizationCache: Processed 12 localized package path(s) for 1 prioritized culture(s) in 0.132054 seconds
[2019.10.28-13.41.57:947][  0]LogUObjectArray: 43444 objects as part of root set at end of initial load.
[2019.10.28-13.41.57:948][  0]LogUObjectAllocator: 7548648 out of 0 bytes used by permanent object pool.
[2019.10.28-13.41.57:948][  0]LogUObjectArray: CloseDisregardForGC: 0/0 objects in disregard for GC pool
[2019.10.28-13.41.59:496][  0]LogTcpMessaging: Initializing TcpMessaging bridge
[2019.10.28-13.41.59:500][  0]LogUdpMessaging: Initializing bridge on interface 0.0.0.0:0 to multicast group 230.0.0.1:6666.
[2019.10.28-13.41.59:586][  0]SourceControl: Source control is disabled
[2019.10.28-13.41.59:586][  0]SourceControl: Source control is disabled
[2019.10.28-13.41.59:588][  0]SourceControl: Source control is disabled
[2019.10.28-13.41.59:590][  0]SourceControl: Source control is disabled
[2019.10.28-13.41.59:745][  0]LogAndroidPermission: UAndroidPermissionCallbackProxy::GetInstance
[2019.10.28-13.41.59:910][  0]LogOcInput: OculusInput pre-init called
[2019.10.28-13.41.59:924][  0]LogWindows: Failed to load 'OVRPlugin.dll' (GetLastError=126)
[2019.10.28-13.41.59:924][  0]LogWindows: File 'OVRPlugin.dll' does not exist
[2019.10.28-13.42.00:057][  0]LogEngine: Initializing Engine...
[2019.10.28-13.42.00:059][  0]LogHMD: Failed to initialize OpenVR with code 110
[2019.10.28-13.42.00:061][  0]LogStats: UGameplayTagsManager::InitializeManager -  0.000 s
[2019.10.28-13.42.00:564][  0]LogInit: Initializing FReadOnlyCVARCache
[2019.10.28-13.42.00:614][  0]LogAIModule: Creating AISystem for world Untitled
[2019.10.28-13.42.00:640][  0]LogInit: XAudio2 using 'Fones de ouvido / Alto falantes (Realtek High Definition Audio)' : 2 channels at 48 kHz using 32 bits per sample (channel mask 0x3)
[2019.10.28-13.42.00:709][  0]LogInit: FAudioDevice initialized.
[2019.10.28-13.42.00:709][  0]LogNetVersion: Set ProjectVersion to 1.0.0.0. Version Checksum will be recalculated on next use.
[2019.10.28-13.42.01:190][  0]LogDerivedDataCache: Saved boot cache 0.48s 73MB C:/Users/ebricchesi/AppData/Local/UnrealEngine/4.23/DerivedDataCache/Boot.ddc.
[2019.10.28-13.42.01:213][  0]LogInit: Texture streaming: Enabled
[2019.10.28-13.42.01:557][  0]LogEngineSessionManager: EngineSessionManager initialized
[2019.10.28-13.42.01:742][  0]LogInit: Transaction tracking system initialized
[2019.10.28-13.42.01:827][  0]BlueprintLog: New page: Editor Load
[2019.10.28-13.42.02:024][  0]LocalizationService: Localization service is disabled
[2019.10.28-13.42.02:116][  0]LogLinker: Warning: Failed to load '/Game/ThirdPersonBP/ThirdPersonOverview': Can't find file.
[2019.10.28-13.42.02:116][  0]LogLinker: Warning: Failed to load '/Game/ThirdPersonBP/ThirdPersonOverview': Can't find file.
[2019.10.28-13.42.02:117][  0]LogUObjectGlobals: Warning: Failed to find object 'Class /Game/ThirdPersonBP/ThirdPersonOverview.ThirdPersonOverview_C'
[2019.10.28-13.42.02:736][  0]LogFileCache: Scanning file cache for directory 'C:/Users/ebricchesi/Documents/Unreal Projects/MySideScroller/VirtusSideScroller/Content/' took 0.02s
[2019.10.28-13.42.02:736][  0]LogCook: Display: Max memory allowance for cook 16384mb min free memory 0mb
[2019.10.28-13.42.02:736][  0]LogCook: Display: Mobile HDR setting 1
[2019.10.28-13.42.03:156][  0]SourceControl: Source control is disabled
[2019.10.28-13.42.03:157][  0]LightingResults: New page: Lighting Build
[2019.10.28-13.42.03:166][  0]LogWorld: UWorld::CleanupWorld for Untitled, bSessionEnded=true, bCleanupResources=true
[2019.10.28-13.42.03:166][  0]MapCheck: New page: Map Check
[2019.10.28-13.42.03:166][  0]LightingResults: New page: Lighting Build
[2019.10.28-13.42.03:210][  0]LogUObjectHash: Compacting FUObjectHashTables data took   3.03ms
[2019.10.28-13.42.10:087][  0]LogAIModule: Creating AISystem for world SideScrollerExampleMap
[2019.10.28-13.42.10:402][  0]LogEditorServer: Finished looking for orphan Actors (0.000 secs)
[2019.10.28-13.42.10:438][  0]LogUObjectHash: Compacting FUObjectHashTables data took   3.40ms
[2019.10.28-13.42.10:438][  0]Cmd: MAP CHECKDEP NOCLEARLOG
[2019.10.28-13.42.10:438][  0]MapCheck: Map check complete: 0 Error(s), 0 Warning(s), took 0.28ms to complete.
[2019.10.28-13.42.10:438][  0]LogFileHelpers: Loading map 'SideScrollerExampleMap' took 7.282
[2019.10.28-13.42.11:354][  0]LogSlate: Updating window title bar state: overlay mode, drag disabled, window buttons hidden, title bar hidden
[2019.10.28-13.42.11:364][  0]LogSlate: Updating window title bar state: overlay mode, drag disabled, window buttons hidden, title bar hidden
[2019.10.28-13.42.11:374][  0]LogSlate: Updating window title bar state: overlay mode, drag disabled, window buttons hidden, title bar hidden
[2019.10.28-13.42.11:389][  0]LogSlate: Updating window title bar state: overlay mode, drag disabled, window buttons hidden, title bar hidden
[2019.10.28-13.42.11:612][  0]LogCollectionManager: Loaded 0 collections in 0.006039 seconds
[2019.10.28-13.42.11:842][  0]LogFileCache: Scanning file cache for directory 'C:/Users/ebricchesi/Documents/Unreal Projects/MySideScroller/VirtusSideScroller/Saved/Collections/' took 0.00s
[2019.10.28-13.42.11:842][  0]LogFileCache: Scanning file cache for directory 'C:/Users/ebricchesi/Documents/Unreal Projects/MySideScroller/VirtusSideScroller/Content/Developers/ebricchesi/Collections/' took 0.00s
[2019.10.28-13.42.11:842][  0]LogFileCache: Scanning file cache for directory 'C:/Users/ebricchesi/Documents/Unreal Projects/MySideScroller/VirtusSideScroller/Content/Collections/' took 0.00s
[2019.10.28-13.42.11:842][  0]LogCollectionManager: Rebuilt the GUID cache for 0 collections in 0.000003 seconds
[2019.10.28-13.42.11:858][  0]LogContentBrowser: Native class hierarchy populated in 0.0118 seconds. Added 2863 classes and 680 folders.
[2019.10.28-13.42.12:002][  0]LogContentBrowser: Native class hierarchy updated for 'WidgetCarousel' in 0.0005 seconds. Added 0 classes and 0 folders.
[2019.10.28-13.42.13:196][  0]LogContentBrowser: Native class hierarchy updated for 'AddContentDialog' in 0.0004 seconds. Added 0 classes and 0 folders.
[2019.10.28-13.42.13:367][  0]LogContentBrowser: Native class hierarchy updated for 'SceneOutliner' in 0.0004 seconds. Added 1 classes and 2 folders.
[2019.10.28-13.42.13:569][  0]LogSlate: Took 0.000319 seconds to synchronously load lazily loaded font '../../../Engine/Content/Slate/Fonts/Roboto-Regular.ttf' (155K)
[2019.10.28-13.42.13:579][  0]LogSlate: Took 0.000410 seconds to synchronously load lazily loaded font '../../../Engine/Content/Slate/Fonts/Roboto-Bold.ttf' (160K)
[2019.10.28-13.42.13:622][  0]LogSlate: Took 0.020470 seconds to synchronously load lazily loaded font '../../../Engine/Content/Editor/Slate/Fonts/FontAwesome.ttf' (139K)
[2019.10.28-13.42.14:194][  0]LogRenderer: Reallocating scene render targets to support 1400x516 Format 10 NumSamples 1 (Frame:1).
[2019.10.28-13.42.15:136][  0]LogContentBrowser: Native class hierarchy updated for 'HierarchicalLODOutliner' in 0.0006 seconds. Added 0 classes and 0 folders.
[2019.10.28-13.42.15:136][  0]LogLoad: (Engine Initialization) Total time: 27.10 seconds
[2019.10.28-13.42.15:136][  0]LogLoad: (Engine Initialization) Total Blueprint compile time: 0.00 seconds
[2019.10.28-13.42.15:217][  0]LogContentStreaming: Texture pool size now 1000 MB
[2019.10.28-13.42.15:394][  0]LogSlate: Took 0.025469 seconds to synchronously load lazily loaded font '../../../Engine/Content/Slate/Fonts/Roboto-Light.ttf' (167K)
[2019.10.28-13.42.16:480][  7]LogSlate: Took 0.000513 seconds to synchronously load lazily loaded font '../../../Engine/Content/Slate/Fonts/Roboto-Light.ttf' (167K)
[2019.10.28-13.42.16:540][  8]LogAssetRegistry: Asset discovery search completed in 20.4493 seconds
[2019.10.28-13.42.16:576][  8]LogCollectionManager: Rebuilt the object cache for 0 collections in 0.000010 seconds (found 0 objects)
[2019.10.28-13.42.16:576][  8]LogCollectionManager: Fixed up redirectors for 0 collections in 0.000118 seconds (updated 0 objects)
[2019.10.28-13.42.21:920][ 24]LogSlate: FSceneViewport::OnFocusLost() reason 0
[2019.10.28-13.42.21:974][ 24]LogAssetEditorManager: Opening Asset editor for Blueprint /Game/SideScrollerBP/Blueprints/SideScrollerCharacter.SideScrollerCharacter
[2019.10.28-13.42.23:446][ 24]LogContentBrowser: Native class hierarchy updated for 'BlueprintGraph' in 0.0007 seconds. Added 121 classes and 0 folders.
[2019.10.28-13.42.26:469][ 24]LogAssetEditorManager: Opening Asset editor for WidgetBlueprint /Game/SideScrollerBP/Blueprints/HUD.HUD
[2019.10.28-13.42.27:712][ 24]LogAssetEditorManager: Opening Asset editor for WidgetBlueprint /Game/SideScrollerBP/Blueprints/LevelComplete.LevelComplete
[2019.10.28-13.42.28:428][ 24]LogAssetEditorManager: Opening Asset editor for Blueprint /Game/SideScrollerBP/Blueprints/LevelComplete1.LevelComplete1
[2019.10.28-13.42.28:932][ 24]LogAssetEditorManager: Opening Asset editor for Blueprint /Game/SideScrollerBP/Blueprints/SideScrollerGameMode.SideScrollerGameMode
[2019.10.28-13.42.29:451][ 24]LogAssetEditorManager: Opening Asset editor for WidgetBlueprint /Game/SideScrollerBP/Blueprints/OutOfTime.OutOfTime
[2019.10.28-13.42.30:772][ 24]LogSlate: Took 0.023918 seconds to synchronously load lazily loaded font '../../../Engine/Content/Slate/Fonts/Roboto-BoldCondensed.ttf' (158K)
[2019.10.28-14.41.53:952][ 86]BlueprintLog: New page: Compile OutOfTime
[2019.10.28-14.41.54:129][ 86]LogUObjectHash: Compacting FUObjectHashTables data took   7.10ms
[2019.10.28-14.42.26:594][208]LogUObjectHash: Compacting FUObjectHashTables data took   8.41ms
[2019.10.28-14.42.26:595][208]LogFileHelpers: Editor autosave (incl. sublevels) for '/Game/SideScrollerBP/Maps/SideScrollerExampleMap' took 0.131
[2019.10.28-14.42.26:629][208]OBJ SavePackage: Generating thumbnails for [0] asset(s) in package [/Game/SideScrollerBP/Blueprints/OutOfTime] ([1] browsable assets)...
[2019.10.28-14.42.26:630][208]OBJ SavePackage: Finished generating thumbnails for package [/Game/SideScrollerBP/Blueprints/OutOfTime]
[2019.10.28-14.42.26:908][208]LogSavePackage: Moving '../../../../../../Users/ebricchesi/Documents/Unreal Projects/MySideScroller/VirtusSideScroller/Saved/OutOfTime_Auto1F8609C3D4285E827D2ECA798B5ED76EA.tmp' to '../../../../../../Users/ebricchesi/Documents/Unreal Projects/MySideScroller/VirtusSideScroller/Saved/Autosaves/Game/SideScrollerBP/Blueprints/OutOfTime_Auto1.uasset'
[2019.10.28-14.42.26:934][208]LogFileHelpers: Auto-saving content packages took 0.337
[2019.10.28-14.42.34:797][232]LogSavePackage: Moving '../../../../../../Users/ebricchesi/Documents/Unreal Projects/MySideScroller/VirtusSideScroller/Saved/OutOfTime5D271BD74926B2523A8604B6CFED6906.tmp' to '../../../../../../Users/ebricchesi/Documents/Unreal Projects/MySideScroller/VirtusSideScroller/Content/SideScrollerBP/Blueprints/OutOfTime.uasset'
[2019.10.28-14.42.36:862][297]LogSlate: FSceneViewport::OnFocusLost() reason 0
[2019.10.28-14.42.38:446][354]LogSlate: FSceneViewport::OnFocusLost() reason 0
[2019.10.28-14.42.40:217][418]LogSlate: FSceneViewport::OnFocusLost() reason 0
[2019.10.28-14.42.40:275][420]LogTemp: Repeating last play command: Selected Viewport
[2019.10.28-14.42.40:319][420]LogBlueprintUserMessages: Early PlayInEditor Detection: Level '/Game/SideScrollerBP/Maps/SideScrollerExampleMap.SideScrollerExampleMap:PersistentLevel' has LevelScriptBlueprint '/Game/SideScrollerBP/Maps/SideScrollerExampleMap.SideScrollerExampleMap:PersistentLevel.SideScrollerExampleMap' with GeneratedClass '/Game/SideScrollerBP/Maps/SideScrollerExampleMap.SideScrollerExampleMap_C' with ClassGeneratedBy '/Game/SideScrollerBP/Maps/SideScrollerExampleMap.SideScrollerExampleMap:PersistentLevel.SideScrollerExampleMap'
[2019.10.28-14.42.40:342][420]LogPlayLevel: PlayLevel: No blueprints needed recompiling
[2019.10.28-14.42.40:427][420]PIE: New page: PIE session: SideScrollerExampleMap (Oct 28, 2019, 9:42:40 AM)
[2019.10.28-14.42.40:456][420]LogOnline: OSS: Creating online subsystem instance for: NULL
[2019.10.28-14.42.40:492][420]LogPlayLevel: Creating play world package: /Game/SideScrollerBP/Maps/UEDPIE_0_SideScrollerExampleMap
[2019.10.28-14.42.40:656][420]LogPlayLevel: PIE: StaticDuplicateObject took: (0.164493s)
[2019.10.28-14.42.40:683][420]LogAIModule: Creating AISystem for world SideScrollerExampleMap
[2019.10.28-14.42.40:684][420]LogPlayLevel: PIE: World Init took: (0.027354s)
[2019.10.28-14.42.40:709][420]LogPlayLevel: PIE: Created PIE world by copying editor world from /Game/SideScrollerBP/Maps/SideScrollerExampleMap.SideScrollerExampleMap to /Game/SideScrollerBP/Maps/UEDPIE_0_SideScrollerExampleMap.SideScrollerExampleMap (0.217355s)
[2019.10.28-14.42.40:765][420]LogUObjectHash: Compacting FUObjectHashTables data took   4.39ms
[2019.10.28-14.42.40:794][420]LogInit: XAudio2 using 'Fones de ouvido / Alto falantes (Realtek High Definition Audio)' : 2 channels at 48 kHz using 32 bits per sample (channel mask 0x3)
[2019.10.28-14.42.40:844][420]LogInit: FAudioDevice initialized.
[2019.10.28-14.42.40:861][420]LogLoad: Game class is 'SideScrollerGameMode_C'
[2019.10.28-14.42.40:865][420]LogWorld: Bringing World /Game/SideScrollerBP/Maps/UEDPIE_0_SideScrollerExampleMap.SideScrollerExampleMap up for play (max tick rate 60) at 2019.10.28-11.42.40
[2019.10.28-14.42.40:868][420]LogWorld: Bringing up level for play took: 0.006490
[2019.10.28-14.42.40:870][420]LogOnline: OSS: Creating online subsystem instance for: :Context_14
[2019.10.28-14.42.41:016][420]LogContentBrowser: Native class hierarchy updated for 'MovieSceneCapture' in 0.0004 seconds. Added 20 classes and 0 folders.
[2019.10.28-14.42.41:084][420]PIE: Play in editor start time for /Game/SideScrollerBP/Maps/UEDPIE_0_SideScrollerExampleMap -0.088
[2019.10.28-14.42.41:091][420]LogBlueprintUserMessages: Late PlayInEditor Detection: Level '/Game/SideScrollerBP/Maps/SideScrollerExampleMap.SideScrollerExampleMap:PersistentLevel' has LevelScriptBlueprint '/Game/SideScrollerBP/Maps/SideScrollerExampleMap.SideScrollerExampleMap:PersistentLevel.SideScrollerExampleMap' with GeneratedClass '/Game/SideScrollerBP/Maps/SideScrollerExampleMap.SideScrollerExampleMap_C' with ClassGeneratedBy '/Game/SideScrollerBP/Maps/SideScrollerExampleMap.SideScrollerExampleMap:PersistentLevel.SideScrollerExampleMap'
[2019.10.28-14.42.56:305][  6]LogSlate: FSceneViewport::OnFocusLost() reason 0
[2019.10.28-14.42.56:358][  9]LogNet: Browse: /Game/Maps/MainMenuLevel
[2019.10.28-14.42.56:360][  9]LogLoad: LoadMap: /Game/Maps/MainMenuLevel
[2019.10.28-14.42.56:360][  9]LogWorld: BeginTearingDown for /Game/SideScrollerBP/Maps/UEDPIE_0_SideScrollerExampleMap
[2019.10.28-14.42.56:426][  9]LogWorld: UWorld::CleanupWorld for SideScrollerExampleMap, bSessionEnded=true, bCleanupResources=true
[2019.10.28-14.42.56:625][  9]LogUObjectHash: Compacting FUObjectHashTables data took  10.67ms
[2019.10.28-14.42.56:650][  9]LogAIModule: Creating AISystem for world MainMenuLevel
[2019.10.28-14.42.56:666][  9]LogLoad: Game class is 'SideScrollerGameMode_C'
[2019.10.28-14.42.56:668][  9]LogWorld: Bringing World /Game/Maps/UEDPIE_0_MainMenuLevel.MainMenuLevel up for play (max tick rate 60) at 2019.10.28-11.42.56
[2019.10.28-14.42.56:668][  9]LogWorld: Bringing up level for play took: 0.000953
[2019.10.28-14.42.56:669][  9]LogGameMode: FindPlayerStart: PATHS NOT DEFINED or NO PLAYERSTART with positive rating
[2019.10.28-14.42.56:697][  9]LogLoad: Took 0.337631 seconds to LoadMap(/Game/Maps/MainMenuLevel)
[2019.10.28-14.43.01:037][224]LogBlueprintUserMessages: Early EndPlayMap Detection: Level '/Game/SideScrollerBP/Maps/SideScrollerExampleMap.SideScrollerExampleMap:PersistentLevel' has LevelScriptBlueprint '/Game/SideScrollerBP/Maps/SideScrollerExampleMap.SideScrollerExampleMap:PersistentLevel.SideScrollerExampleMap' with GeneratedClass '/Game/SideScrollerBP/Maps/SideScrollerExampleMap.SideScrollerExampleMap_C' with ClassGeneratedBy '/Game/SideScrollerBP/Maps/SideScrollerExampleMap.SideScrollerExampleMap:PersistentLevel.SideScrollerExampleMap'
[2019.10.28-14.43.01:038][224]LogSlate: Updating window title bar state: overlay mode, drag disabled, window buttons hidden, title bar hidden
[2019.10.28-14.43.01:038][224]LogWorld: BeginTearingDown for /Game/Maps/UEDPIE_0_MainMenuLevel
[2019.10.28-14.43.01:039][224]LogWorld: UWorld::CleanupWorld for MainMenuLevel, bSessionEnded=true, bCleanupResources=true
[2019.10.28-14.43.01:077][224]LogPlayLevel: Display: Shutting down PIE online subsystems
[2019.10.28-14.43.01:077][224]LogBlueprintUserMessages: Late EndPlayMap Detection: Level '/Game/SideScrollerBP/Maps/SideScrollerExampleMap.SideScrollerExampleMap:PersistentLevel' has LevelScriptBlueprint '/Game/SideScrollerBP/Maps/SideScrollerExampleMap.SideScrollerExampleMap:PersistentLevel.SideScrollerExampleMap' with GeneratedClass '/Game/SideScrollerBP/Maps/SideScrollerExampleMap.SideScrollerExampleMap_C' with ClassGeneratedBy '/Game/SideScrollerBP/Maps/SideScrollerExampleMap.SideScrollerExampleMap:PersistentLevel.SideScrollerExampleMap'
[2019.10.28-14.43.01:185][224]LogSlate: Updating window title bar state: overlay mode, drag disabled, window buttons hidden, title bar hidden
[2019.10.28-14.43.01:244][224]LogUObjectHash: Compacting FUObjectHashTables data took   9.43ms
[2019.10.28-14.43.01:274][225]LogPlayLevel: Display: Destroying online subsystem :Context_14
[2019.10.28-14.43.02:403][269]LogTemp: Repeating last play command: Selected Viewport
[2019.10.28-14.43.02:478][269]LogBlueprintUserMessages: Early PlayInEditor Detection: Level '/Game/SideScrollerBP/Maps/SideScrollerExampleMap.SideScrollerExampleMap:PersistentLevel' has LevelScriptBlueprint '/Game/SideScrollerBP/Maps/SideScrollerExampleMap.SideScrollerExampleMap:PersistentLevel.SideScrollerExampleMap' with GeneratedClass '/Game/SideScrollerBP/Maps/SideScrollerExampleMap.SideScrollerExampleMap_C' with ClassGeneratedBy '/Game/SideScrollerBP/Maps/SideScrollerExampleMap.SideScrollerExampleMap:PersistentLevel.SideScrollerExampleMap'
[2019.10.28-14.43.02:479][269]LogPlayLevel: PlayLevel: No blueprints needed recompiling
[2019.10.28-14.43.02:479][269]PIE: New page: PIE session: SideScrollerExampleMap (Oct 28, 2019, 9:43:02 AM)
[2019.10.28-14.43.02:479][269]LogPlayLevel: Creating play world package: /Game/SideScrollerBP/Maps/UEDPIE_0_SideScrollerExampleMap
[2019.10.28-14.43.02:508][269]LogPlayLevel: PIE: StaticDuplicateObject took: (0.028977s)
[2019.10.28-14.43.02:511][269]LogAIModule: Creating AISystem for world SideScrollerExampleMap
[2019.10.28-14.43.02:511][269]LogPlayLevel: PIE: World Init took: (0.002995s)
[2019.10.28-14.43.02:511][269]LogPlayLevel: PIE: Created PIE world by copying editor world from /Game/SideScrollerBP/Maps/SideScrollerExampleMap.SideScrollerExampleMap to /Game/SideScrollerBP/Maps/UEDPIE_0_SideScrollerExampleMap.SideScrollerExampleMap (0.032393s)
[2019.10.28-14.43.02:628][269]LogUObjectHash: Compacting FUObjectHashTables data took   7.35ms
[2019.10.28-14.43.02:644][269]LogInit: XAudio2 using 'Fones de ouvido / Alto falantes (Realtek High Definition Audio)' : 2 channels at 48 kHz using 32 bits per sample (channel mask 0x3)
[2019.10.28-14.43.02:709][269]LogInit: FAudioDevice initialized.
[2019.10.28-14.43.02:723][269]LogLoad: Game class is 'SideScrollerGameMode_C'
[2019.10.28-14.43.02:727][269]LogWorld: Bringing World /Game/SideScrollerBP/Maps/UEDPIE_0_SideScrollerExampleMap.SideScrollerExampleMap up for play (max tick rate 60) at 2019.10.28-11.43.02
[2019.10.28-14.43.02:728][269]LogWorld: Bringing up level for play took: 0.004033
[2019.10.28-14.43.02:728][269]LogOnline: OSS: Creating online subsystem instance for: :Context_15
[2019.10.28-14.43.02:733][269]PIE: Play in editor start time for /Game/SideScrollerBP/Maps/UEDPIE_0_SideScrollerExampleMap -0.438
[2019.10.28-14.43.02:734][269]LogBlueprintUserMessages: Late PlayInEditor Detection: Level '/Game/SideScrollerBP/Maps/SideScrollerExampleMap.SideScrollerExampleMap:PersistentLevel' has LevelScriptBlueprint '/Game/SideScrollerBP/Maps/SideScrollerExampleMap.SideScrollerExampleMap:PersistentLevel.SideScrollerExampleMap' with GeneratedClass '/Game/SideScrollerBP/Maps/SideScrollerExampleMap.SideScrollerExampleMap_C' with ClassGeneratedBy '/Game/SideScrollerBP/Maps/SideScrollerExampleMap.SideScrollerExampleMap:PersistentLevel.SideScrollerExampleMap'
[2019.10.28-14.43.13:214][681]LogSlate: FSceneViewport::OnFocusLost() reason 0
[2019.10.28-14.43.13:269][683]LogBlueprintUserMessages: Early EndPlayMap Detection: Level '/Game/SideScrollerBP/Maps/SideScrollerExampleMap.SideScrollerExampleMap:PersistentLevel' has LevelScriptBlueprint '/Game/SideScrollerBP/Maps/SideScrollerExampleMap.SideScrollerExampleMap:PersistentLevel.SideScrollerExampleMap' with GeneratedClass '/Game/SideScrollerBP/Maps/SideScrollerExampleMap.SideScrollerExampleMap_C' with ClassGeneratedBy '/Game/SideScrollerBP/Maps/SideScrollerExampleMap.SideScrollerExampleMap:PersistentLevel.SideScrollerExampleMap'
[2019.10.28-14.43.13:269][683]LogSlate: Updating window title bar state: overlay mode, drag disabled, window buttons hidden, title bar hidden
[2019.10.28-14.43.13:270][683]LogWorld: BeginTearingDown for /Game/SideScrollerBP/Maps/UEDPIE_0_SideScrollerExampleMap
[2019.10.28-14.43.13:270][683]LogWorld: UWorld::CleanupWorld for SideScrollerExampleMap, bSessionEnded=true, bCleanupResources=true
[2019.10.28-14.43.13:324][683]LogPlayLevel: Display: Shutting down PIE online subsystems
[2019.10.28-14.43.13:324][683]LogBlueprintUserMessages: Late EndPlayMap Detection: Level '/Game/SideScrollerBP/Maps/SideScrollerExampleMap.SideScrollerExampleMap:PersistentLevel' has LevelScriptBlueprint '/Game/SideScrollerBP/Maps/SideScrollerExampleMap.SideScrollerExampleMap:PersistentLevel.SideScrollerExampleMap' with GeneratedClass '/Game/SideScrollerBP/Maps/SideScrollerExampleMap.SideScrollerExampleMap_C' with ClassGeneratedBy '/Game/SideScrollerBP/Maps/SideScrollerExampleMap.SideScrollerExampleMap:PersistentLevel.SideScrollerExampleMap'
[2019.10.28-14.43.13:427][683]LogSlate: Updating window title bar state: overlay mode, drag disabled, window buttons hidden, title bar hidden
[2019.10.28-14.43.13:437][683]LogUObjectHash: Compacting FUObjectHashTables data took   8.04ms
[2019.10.28-14.43.13:458][684]LogPlayLevel: Display: Destroying online subsystem :Context_15
[2019.10.28-14.44.44:287][184]LogSlate: FSceneViewport::OnFocusLost() reason 5
[2019.10.28-14.45.33:143][324]LogSlate: Took 0.274506 seconds to synchronously load lazily loaded font '../../../Engine/Content/Slate/Fonts/Roboto-Italic.ttf' (157K)
[2019.10.28-14.52.59:338][221]LogUObjectHash: Compacting FUObjectHashTables data took   3.71ms
[2019.10.28-14.52.59:338][221]LogFileHelpers: Editor autosave (incl. sublevels) for '/Game/SideScrollerBP/Maps/SideScrollerExampleMap' took 0.056
[2019.10.28-14.52.59:340][221]OBJ SavePackage: Generating thumbnails for [0] asset(s) in package [/Game/SideScrollerBP/Blueprints/LevelComplete] ([1] browsable assets)...
[2019.10.28-14.52.59:340][221]OBJ SavePackage: Finished generating thumbnails for package [/Game/SideScrollerBP/Blueprints/LevelComplete]
[2019.10.28-14.52.59:844][221]LogSavePackage: Moving '../../../../../../Users/ebricchesi/Documents/Unreal Projects/MySideScroller/VirtusSideScroller/Saved/LevelComplete_Auto2541A1B87431350E551D4A79F79777260.tmp' to '../../../../../../Users/ebricchesi/Documents/Unreal Projects/MySideScroller/VirtusSideScroller/Saved/Autosaves/Game/SideScrollerBP/Blueprints/LevelComplete_Auto2.uasset'
[2019.10.28-14.52.59:846][221]LogFileHelpers: Auto-saving content packages took 0.507
[2019.10.28-15.05.50:549][ 12]BlueprintLog: New page: Compile LevelComplete
[2019.10.28-15.05.50:643][ 12]LogUObjectHash: Compacting FUObjectHashTables data took   5.77ms
[2019.10.28-15.06.00:695][122]LogSavePackage: Moving '../../../../../../Users/ebricchesi/Documents/Unreal Projects/MySideScroller/VirtusSideScroller/Saved/LevelComplete950E8DF84DCF21974911FBA506C9B879.tmp' to '../../../../../../Users/ebricchesi/Documents/Unreal Projects/MySideScroller/VirtusSideScroller/Content/SideScrollerBP/Blueprints/LevelComplete.uasset'
[2019.10.28-15.06.01:627][154]LogSlate: FSceneViewport::OnFocusLost() reason 0
[2019.10.28-15.06.03:451][224]LogSlate: FSceneViewport::OnFocusLost() reason 0
[2019.10.28-15.06.03:525][227]LogTemp: Repeating last play command: Selected Viewport
[2019.10.28-15.06.03:574][227]LogBlueprintUserMessages: Early PlayInEditor Detection: Level '/Game/SideScrollerBP/Maps/SideScrollerExampleMap.SideScrollerExampleMap:PersistentLevel' has LevelScriptBlueprint '/Game/SideScrollerBP/Maps/SideScrollerExampleMap.SideScrollerExampleMap:PersistentLevel.SideScrollerExampleMap' with GeneratedClass '/Game/SideScrollerBP/Maps/SideScrollerExampleMap.SideScrollerExampleMap_C' with ClassGeneratedBy '/Game/SideScrollerBP/Maps/SideScrollerExampleMap.SideScrollerExampleMap:PersistentLevel.SideScrollerExampleMap'
[2019.10.28-15.06.03:574][227]LogPlayLevel: PlayLevel: No blueprints needed recompiling
[2019.10.28-15.06.03:575][227]PIE: New page: PIE session: SideScrollerExampleMap (Oct 28, 2019, 10:06:03 AM)
[2019.10.28-15.06.03:575][227]LogPlayLevel: Creating play world package: /Game/SideScrollerBP/Maps/UEDPIE_0_SideScrollerExampleMap
[2019.10.28-15.06.03:599][227]LogPlayLevel: PIE: StaticDuplicateObject took: (0.024053s)
[2019.10.28-15.06.03:602][227]LogAIModule: Creating AISystem for world SideScrollerExampleMap
[2019.10.28-15.06.03:602][227]LogPlayLevel: PIE: World Init took: (0.002780s)
[2019.10.28-15.06.03:602][227]LogPlayLevel: PIE: Created PIE world by copying editor world from /Game/SideScrollerBP/Maps/SideScrollerExampleMap.SideScrollerExampleMap to /Game/SideScrollerBP/Maps/UEDPIE_0_SideScrollerExampleMap.SideScrollerExampleMap (0.027238s)
[2019.10.28-15.06.03:698][227]LogUObjectHash: Compacting FUObjectHashTables data took   7.97ms
[2019.10.28-15.06.03:711][227]LogInit: XAudio2 using 'Fones de ouvido / Alto falantes (Realtek High Definition Audio)' : 2 channels at 48 kHz using 32 bits per sample (channel mask 0x3)
[2019.10.28-15.06.03:762][227]LogInit: FAudioDevice initialized.
[2019.10.28-15.06.03:772][227]LogLoad: Game class is 'SideScrollerGameMode_C'
[2019.10.28-15.06.03:775][227]LogWorld: Bringing World /Game/SideScrollerBP/Maps/UEDPIE_0_SideScrollerExampleMap.SideScrollerExampleMap up for play (max tick rate 60) at 2019.10.28-12.06.03
[2019.10.28-15.06.03:776][227]LogWorld: Bringing up level for play took: 0.003152
[2019.10.28-15.06.03:776][227]LogOnline: OSS: Creating online subsystem instance for: :Context_16
[2019.10.28-15.06.03:780][227]PIE: Play in editor start time for /Game/SideScrollerBP/Maps/UEDPIE_0_SideScrollerExampleMap 0.606
[2019.10.28-15.06.03:780][227]LogBlueprintUserMessages: Late PlayInEditor Detection: Level '/Game/SideScrollerBP/Maps/SideScrollerExampleMap.SideScrollerExampleMap:PersistentLevel' has LevelScriptBlueprint '/Game/SideScrollerBP/Maps/SideScrollerExampleMap.SideScrollerExampleMap:PersistentLevel.SideScrollerExampleMap' with GeneratedClass '/Game/SideScrollerBP/Maps/SideScrollerExampleMap.SideScrollerExampleMap_C' with ClassGeneratedBy '/Game/SideScrollerBP/Maps/SideScrollerExampleMap.SideScrollerExampleMap:PersistentLevel.SideScrollerExampleMap'
[2019.10.28-15.06.24:270][586]LogSlate: FSceneViewport::OnFocusLost() reason 0
[2019.10.28-15.06.25:683][628]LogBlueprintUserMessages: Early EndPlayMap Detection: Level '/Game/SideScrollerBP/Maps/SideScrollerExampleMap.SideScrollerExampleMap:PersistentLevel' has LevelScriptBlueprint '/Game/SideScrollerBP/Maps/SideScrollerExampleMap.SideScrollerExampleMap:PersistentLevel.SideScrollerExampleMap' with GeneratedClass '/Game/SideScrollerBP/Maps/SideScrollerExampleMap.SideScrollerExampleMap_C' with ClassGeneratedBy '/Game/SideScrollerBP/Maps/SideScrollerExampleMap.SideScrollerExampleMap:PersistentLevel.SideScrollerExampleMap'
[2019.10.28-15.06.25:684][628]LogSlate: Updating window title bar state: overlay mode, drag disabled, window buttons hidden, title bar hidden
[2019.10.28-15.06.25:684][628]LogWorld: BeginTearingDown for /Game/SideScrollerBP/Maps/UEDPIE_0_SideScrollerExampleMap
[2019.10.28-15.06.25:684][628]LogWorld: UWorld::CleanupWorld for SideScrollerExampleMap, bSessionEnded=true, bCleanupResources=true
[2019.10.28-15.06.25:713][628]LogPlayLevel: Display: Shutting down PIE online subsystems
[2019.10.28-15.06.25:713][628]LogBlueprintUserMessages: Late EndPlayMap Detection: Level '/Game/SideScrollerBP/Maps/SideScrollerExampleMap.SideScrollerExampleMap:PersistentLevel' has LevelScriptBlueprint '/Game/SideScrollerBP/Maps/SideScrollerExampleMap.SideScrollerExampleMap:PersistentLevel.SideScrollerExampleMap' with GeneratedClass '/Game/SideScrollerBP/Maps/SideScrollerExampleMap.SideScrollerExampleMap_C' with ClassGeneratedBy '/Game/SideScrollerBP/Maps/SideScrollerExampleMap.SideScrollerExampleMap:PersistentLevel.SideScrollerExampleMap'
[2019.10.28-15.06.25:786][628]LogSlate: Updating window title bar state: overlay mode, drag disabled, window buttons hidden, title bar hidden
[2019.10.28-15.06.25:792][628]LogUObjectHash: Compacting FUObjectHashTables data took   4.66ms
[2019.10.28-15.06.25:809][629]LogPlayLevel: Display: Destroying online subsystem :Context_16
[2019.10.28-15.06.27:794][698]LogUObjectHash: Compacting FUObjectHashTables data took   1.24ms
[2019.10.28-15.06.28:386][698]LogSavePackage: Moving '../../../../../../Users/ebricchesi/Documents/Unreal Projects/MySideScroller/VirtusSideScroller/Saved/SideScrollerExampleMapE082D0FE4EE0171FDA34968851D2E621.tmp' to '../../../../../../Users/ebricchesi/Documents/Unreal Projects/MySideScroller/VirtusSideScroller/Content/SideScrollerBP/Maps/SideScrollerExampleMap.umap'
[2019.10.28-15.06.29:636][698]LogSavePackage: Moving '../../../../../../Users/ebricchesi/Documents/Unreal Projects/MySideScroller/VirtusSideScroller/Saved/SideScrollerExampleMap_BuiltData3F2C8E154650A1AD0FC93A8C8F6FB3FC.tmp' to '../../../../../../Users/ebricchesi/Documents/Unreal Projects/MySideScroller/VirtusSideScroller/Content/SideScrollerBP/Maps/SideScrollerExampleMap_BuiltData.uasset'
